<?xml version="1.0" encoding="UTF-8"?>
<!-- Generated by org.testng.reporters.JUnitXMLReporter -->
<testsuite ignored="0" hostname="billion-Vostro-3590" failures="2" tests="5" name="Test" time="46.407" errors="0" timestamp="2021-08-12T19:02:41 IST">
  <testcase classname="Testcases.loginPageTest" name="login" time="0.361"/>
  <testcase classname="Testcases.loginPageTest" name="loginPageTitle" time="0.006"/>
  <testcase classname="Testcases.loginPageTest" name="loginUserValidate" time="5.69"/>
  <testcase classname="Testcases.ClassificationTest" name="splitClassification" time="13.665">
    <failure type="org.openqa.selenium.InvalidArgumentException" message="invalid argument: File not found : D://Evolve_Next_Gen//Upload Files//my-file-1.pdf
  (Session info: headless chrome=92.0.4515.131)
Build info: version: &amp;apos;3.141.59&amp;apos;, revision: &amp;apos;e82be7d358&amp;apos;, time: &amp;apos;2018-11-14T08:17:03&amp;apos;
System info: host: &amp;apos;billion-Vostro-3590&amp;apos;, ip: &amp;apos;127.0.1.1&amp;apos;, os.name: &amp;apos;Linux&amp;apos;, os.arch: &amp;apos;amd64&amp;apos;, os.version: &amp;apos;5.11.0-25-generic&amp;apos;, java.version: &amp;apos;11.0.11&amp;apos;
Driver info: org.openqa.selenium.chrome.ChromeDriver
Capabilities {acceptInsecureCerts: false, browserName: chrome, browserVersion: 92.0.4515.131, chrome: {chromedriverVersion: 92.0.4515.107 (87a818b10553..., userDataDir: /tmp/.com.google.Chrome.4Ji8sX}, goog:chromeOptions: {debuggerAddress: localhost:39739}, javascriptEnabled: true, networkConnectionEnabled: false, pageLoadStrategy: normal, platform: LINUX, platformName: LINUX, proxy: Proxy(), setWindowRect: true, strictFileInteractability: false, timeouts: {implicit: 0, pageLoad: 300000, script: 30000}, unhandledPromptBehavior: dismiss and notify, webauthn:extension:credBlob: true, webauthn:extension:largeBlob: true, webauthn:virtualAuthenticators: true}
Session ID: 4f7b03242bdba0ed7a71aefb01e8f2c5">
      <![CDATA[org.openqa.selenium.InvalidArgumentException: invalid argument: File not found : D://Evolve_Next_Gen//Upload Files//my-file-1.pdf
  (Session info: headless chrome=92.0.4515.131)
Build info: version: '3.141.59', revision: 'e82be7d358', time: '2018-11-14T08:17:03'
System info: host: 'billion-Vostro-3590', ip: '127.0.1.1', os.name: 'Linux', os.arch: 'amd64', os.version: '5.11.0-25-generic', java.version: '11.0.11'
Driver info: org.openqa.selenium.chrome.ChromeDriver
Capabilities {acceptInsecureCerts: false, browserName: chrome, browserVersion: 92.0.4515.131, chrome: {chromedriverVersion: 92.0.4515.107 (87a818b10553..., userDataDir: /tmp/.com.google.Chrome.4Ji8sX}, goog:chromeOptions: {debuggerAddress: localhost:39739}, javascriptEnabled: true, networkConnectionEnabled: false, pageLoadStrategy: normal, platform: LINUX, platformName: LINUX, proxy: Proxy(), setWindowRect: true, strictFileInteractability: false, timeouts: {implicit: 0, pageLoad: 300000, script: 30000}, unhandledPromptBehavior: dismiss and notify, webauthn:extension:credBlob: true, webauthn:extension:largeBlob: true, webauthn:virtualAuthenticators: true}
Session ID: 4f7b03242bdba0ed7a71aefb01e8f2c5
at org.openqa.selenium.remote.http.W3CHttpResponseCodec.createException(W3CHttpResponseCodec.java:187)
at org.openqa.selenium.remote.http.W3CHttpResponseCodec.decode(W3CHttpResponseCodec.java:122)
at org.openqa.selenium.remote.http.W3CHttpResponseCodec.decode(W3CHttpResponseCodec.java:49)
at org.openqa.selenium.remote.HttpCommandExecutor.execute(HttpCommandExecutor.java:158)
at org.openqa.selenium.remote.service.DriverCommandExecutor.execute(DriverCommandExecutor.java:83)
at org.openqa.selenium.remote.RemoteWebDriver.execute(RemoteWebDriver.java:552)
at org.openqa.selenium.remote.RemoteWebElement.execute(RemoteWebElement.java:285)
at org.openqa.selenium.remote.RemoteWebElement.sendKeys(RemoteWebElement.java:106)
at org.openqa.selenium.support.pagefactory.internal.LocatingElementHandler.invoke(LocatingElementHandler.java:51)
at com.sun.proxy.$Proxy26.sendKeys(Unknown Source)
at pageObject.CaselistPage.getselectLocalfile(CaselistPage.java:132)
at pageObject.ClassificationPage.caseProcess(ClassificationPage.java:211)
at Testcases.ClassificationTest.splitClassification(ClassificationTest.java:48)
at java.base/java.util.ArrayList.forEach(ArrayList.java:1541)
... Removed 39 stack frames]]>
    </failure>
  </testcase> <!-- splitClassification -->
  <testcase classname="Testcases.ClassificationTest" name="splitClassification" time="13.668">
    <failure type="java.lang.NullPointerException">
      <![CDATA[java.lang.NullPointerException
at config.TestBase.getscreenshot(TestBase.java:137)
at utilities.Testlistener.onTestFailure(Testlistener.java:53)
at java.base/java.util.ArrayList.forEach(ArrayList.java:1541)
... Removed 28 stack frames]]>
    </failure>
  </testcase> <!-- splitClassification -->
</testsuite> <!-- Test -->
